2019-03-29T02:45:16+00:00 CRITICAL Uncaught Error: Call to undefined function function_exits() in /home/fphuoca1/note9.sharenows.com/DocumentRoot/wp-content/themes/understrap-child/functions.php:60
Stack trace:
#0 /home/fphuoca1/note9.sharenows.com/DocumentRoot/wp-settings.php(479): include()
#1 /home/fphuoca1/note9.sharenows.com/wp-config.php(97): require_once('/home/fphuoca1/...')
#2 /home/fphuoca1/note9.sharenows.com/DocumentRoot/wp-load.php(42): require_once('/home/fphuoca1/...')
#3 /home/fphuoca1/note9.sharenows.com/DocumentRoot/wp-blog-header.php(13): require_once('/home/fphuoca1/...')
#4 /home/fphuoca1/note9.sharenows.com/DocumentRoot/index.php(17): require('/home/fphuoca1/...')
#5 {main}
  thrown in /home/fphuoca1/note9.sharenows.com/DocumentRoot/wp-content/themes/understrap-child/functions.php on line 60

2019-03-29T02:45:22+00:00 CRITICAL Uncaught Error: Call to undefined function function_exits() in /home/fphuoca1/note9.sharenows.com/DocumentRoot/wp-content/themes/understrap-child/functions.php:60
Stack trace:
#0 /home/fphuoca1/note9.sharenows.com/DocumentRoot/wp-settings.php(479): include()
#1 /home/fphuoca1/note9.sharenows.com/wp-config.php(97): require_once('/home/fphuoca1/...')
#2 /home/fphuoca1/note9.sharenows.com/DocumentRoot/wp-load.php(42): require_once('/home/fphuoca1/...')
#3 /home/fphuoca1/note9.sharenows.com/DocumentRoot/wp-blog-header.php(13): require_once('/home/fphuoca1/...')
#4 /home/fphuoca1/note9.sharenows.com/DocumentRoot/index.php(17): require('/home/fphuoca1/...')
#5 {main}
  thrown in /home/fphuoca1/note9.sharenows.com/DocumentRoot/wp-content/themes/understrap-child/functions.php on line 60

2019-03-29T02:45:43+00:00 CRITICAL Uncaught Error: Call to undefined function function_exits() in /home/fphuoca1/note9.sharenows.com/DocumentRoot/wp-content/themes/understrap-child/functions.php:60
Stack trace:
#0 /home/fphuoca1/note9.sharenows.com/DocumentRoot/wp-settings.php(479): include()
#1 /home/fphuoca1/note9.sharenows.com/wp-config.php(97): require_once('/home/fphuoca1/...')
#2 /home/fphuoca1/note9.sharenows.com/DocumentRoot/wp-load.php(42): require_once('/home/fphuoca1/...')
#3 /home/fphuoca1/note9.sharenows.com/DocumentRoot/wp-admin/admin-ajax.php(22): require_once('/home/fphuoca1/...')
#4 {main}
  thrown in /home/fphuoca1/note9.sharenows.com/DocumentRoot/wp-content/themes/understrap-child/functions.php on line 60

2019-03-29T02:47:43+00:00 CRITICAL Uncaught Error: Call to undefined function function_exits() in /home/fphuoca1/note9.sharenows.com/DocumentRoot/wp-content/themes/understrap-child/functions.php:60
Stack trace:
#0 /home/fphuoca1/note9.sharenows.com/DocumentRoot/wp-settings.php(479): include()
#1 /home/fphuoca1/note9.sharenows.com/wp-config.php(97): require_once('/home/fphuoca1/...')
#2 /home/fphuoca1/note9.sharenows.com/DocumentRoot/wp-load.php(42): require_once('/home/fphuoca1/...')
#3 /home/fphuoca1/note9.sharenows.com/DocumentRoot/wp-admin/admin-ajax.php(22): require_once('/home/fphuoca1/...')
#4 {main}
  thrown in /home/fphuoca1/note9.sharenows.com/DocumentRoot/wp-content/themes/understrap-child/functions.php on line 60

2019-03-29T02:48:45+00:00 CRITICAL Uncaught Error: Call to undefined function function_exits() in /home/fphuoca1/note9.sharenows.com/DocumentRoot/wp-content/themes/understrap-child/functions.php:66
Stack trace:
#0 /home/fphuoca1/note9.sharenows.com/DocumentRoot/wp-settings.php(479): include()
#1 /home/fphuoca1/note9.sharenows.com/wp-config.php(97): require_once('/home/fphuoca1/...')
#2 /home/fphuoca1/note9.sharenows.com/DocumentRoot/wp-load.php(42): require_once('/home/fphuoca1/...')
#3 /home/fphuoca1/note9.sharenows.com/DocumentRoot/wp-blog-header.php(13): require_once('/home/fphuoca1/...')
#4 /home/fphuoca1/note9.sharenows.com/DocumentRoot/index.php(17): require('/home/fphuoca1/...')
#5 {main}
  thrown in /home/fphuoca1/note9.sharenows.com/DocumentRoot/wp-content/themes/understrap-child/functions.php on line 66

2019-03-29T02:49:03+00:00 CRITICAL Uncaught Error: Call to undefined function function_exits() in /home/fphuoca1/note9.sharenows.com/DocumentRoot/wp-content/themes/understrap-child/functions.php:66
Stack trace:
#0 /home/fphuoca1/note9.sharenows.com/DocumentRoot/wp-settings.php(479): include()
#1 /home/fphuoca1/note9.sharenows.com/wp-config.php(97): require_once('/home/fphuoca1/...')
#2 /home/fphuoca1/note9.sharenows.com/DocumentRoot/wp-load.php(42): require_once('/home/fphuoca1/...')
#3 /home/fphuoca1/note9.sharenows.com/DocumentRoot/wp-blog-header.php(13): require_once('/home/fphuoca1/...')
#4 /home/fphuoca1/note9.sharenows.com/DocumentRoot/index.php(17): require('/home/fphuoca1/...')
#5 {main}
  thrown in /home/fphuoca1/note9.sharenows.com/DocumentRoot/wp-content/themes/understrap-child/functions.php on line 66

2019-03-29T02:49:07+00:00 CRITICAL Uncaught Error: Call to undefined function function_exits() in /home/fphuoca1/note9.sharenows.com/DocumentRoot/wp-content/themes/understrap-child/functions.php:66
Stack trace:
#0 /home/fphuoca1/note9.sharenows.com/DocumentRoot/wp-settings.php(479): include()
#1 /home/fphuoca1/note9.sharenows.com/wp-config.php(97): require_once('/home/fphuoca1/...')
#2 /home/fphuoca1/note9.sharenows.com/DocumentRoot/wp-load.php(42): require_once('/home/fphuoca1/...')
#3 /home/fphuoca1/note9.sharenows.com/DocumentRoot/wp-blog-header.php(13): require_once('/home/fphuoca1/...')
#4 /home/fphuoca1/note9.sharenows.com/DocumentRoot/index.php(17): require('/home/fphuoca1/...')
#5 {main}
  thrown in /home/fphuoca1/note9.sharenows.com/DocumentRoot/wp-content/themes/understrap-child/functions.php on line 66

2019-03-29T02:49:43+00:00 CRITICAL Uncaught Error: Call to undefined function function_exits() in /home/fphuoca1/note9.sharenows.com/DocumentRoot/wp-content/themes/understrap-child/functions.php:66
Stack trace:
#0 /home/fphuoca1/note9.sharenows.com/DocumentRoot/wp-settings.php(479): include()
#1 /home/fphuoca1/note9.sharenows.com/wp-config.php(97): require_once('/home/fphuoca1/...')
#2 /home/fphuoca1/note9.sharenows.com/DocumentRoot/wp-load.php(42): require_once('/home/fphuoca1/...')
#3 /home/fphuoca1/note9.sharenows.com/DocumentRoot/wp-admin/admin-ajax.php(22): require_once('/home/fphuoca1/...')
#4 {main}
  thrown in /home/fphuoca1/note9.sharenows.com/DocumentRoot/wp-content/themes/understrap-child/functions.php on line 66

2019-03-29T02:50:26+00:00 CRITICAL Uncaught Error: Call to undefined function function_exits() in /home/fphuoca1/note9.sharenows.com/DocumentRoot/wp-content/themes/understrap-child/functions.php:66
Stack trace:
#0 /home/fphuoca1/note9.sharenows.com/DocumentRoot/wp-settings.php(479): include()
#1 /home/fphuoca1/note9.sharenows.com/wp-config.php(97): require_once('/home/fphuoca1/...')
#2 /home/fphuoca1/note9.sharenows.com/DocumentRoot/wp-load.php(42): require_once('/home/fphuoca1/...')
#3 /home/fphuoca1/note9.sharenows.com/DocumentRoot/wp-blog-header.php(13): require_once('/home/fphuoca1/...')
#4 /home/fphuoca1/note9.sharenows.com/DocumentRoot/index.php(17): require('/home/fphuoca1/...')
#5 {main}
  thrown in /home/fphuoca1/note9.sharenows.com/DocumentRoot/wp-content/themes/understrap-child/functions.php on line 66

2019-03-29T02:50:29+00:00 CRITICAL Uncaught Error: Call to undefined function function_exits() in /home/fphuoca1/note9.sharenows.com/DocumentRoot/wp-content/themes/understrap-child/functions.php:66
Stack trace:
#0 /home/fphuoca1/note9.sharenows.com/DocumentRoot/wp-settings.php(479): include()
#1 /home/fphuoca1/note9.sharenows.com/wp-config.php(97): require_once('/home/fphuoca1/...')
#2 /home/fphuoca1/note9.sharenows.com/DocumentRoot/wp-load.php(42): require_once('/home/fphuoca1/...')
#3 /home/fphuoca1/note9.sharenows.com/DocumentRoot/wp-blog-header.php(13): require_once('/home/fphuoca1/...')
#4 /home/fphuoca1/note9.sharenows.com/DocumentRoot/index.php(17): require('/home/fphuoca1/...')
#5 {main}
  thrown in /home/fphuoca1/note9.sharenows.com/DocumentRoot/wp-content/themes/understrap-child/functions.php on line 66

2019-03-29T02:52:12+00:00 CRITICAL Uncaught Error: Call to undefined function function_exits() in /home/fphuoca1/note9.sharenows.com/DocumentRoot/wp-content/themes/understrap-child/functions.php:66
Stack trace:
#0 /home/fphuoca1/note9.sharenows.com/DocumentRoot/wp-settings.php(479): include()
#1 /home/fphuoca1/note9.sharenows.com/wp-config.php(97): require_once('/home/fphuoca1/...')
#2 /home/fphuoca1/note9.sharenows.com/DocumentRoot/wp-load.php(42): require_once('/home/fphuoca1/...')
#3 /home/fphuoca1/note9.sharenows.com/DocumentRoot/wp-blog-header.php(13): require_once('/home/fphuoca1/...')
#4 /home/fphuoca1/note9.sharenows.com/DocumentRoot/index.php(17): require('/home/fphuoca1/...')
#5 {main}
  thrown in /home/fphuoca1/note9.sharenows.com/DocumentRoot/wp-content/themes/understrap-child/functions.php on line 66

2019-03-29T02:54:28+00:00 CRITICAL Uncaught Error: Call to undefined function function_exits() in /home/fphuoca1/note9.sharenows.com/DocumentRoot/wp-content/themes/understrap-child/functions.php:66
Stack trace:
#0 /home/fphuoca1/note9.sharenows.com/DocumentRoot/wp-settings.php(479): include()
#1 /home/fphuoca1/note9.sharenows.com/wp-config.php(97): require_once('/home/fphuoca1/...')
#2 /home/fphuoca1/note9.sharenows.com/DocumentRoot/wp-load.php(42): require_once('/home/fphuoca1/...')
#3 /home/fphuoca1/note9.sharenows.com/DocumentRoot/wp-blog-header.php(13): require_once('/home/fphuoca1/...')
#4 /home/fphuoca1/note9.sharenows.com/DocumentRoot/index.php(17): require('/home/fphuoca1/...')
#5 {main}
  thrown in /home/fphuoca1/note9.sharenows.com/DocumentRoot/wp-content/themes/understrap-child/functions.php on line 66

2019-03-29T02:54:33+00:00 CRITICAL Uncaught Error: Call to undefined function function_exits() in /home/fphuoca1/note9.sharenows.com/DocumentRoot/wp-content/themes/understrap-child/functions.php:66
Stack trace:
#0 /home/fphuoca1/note9.sharenows.com/DocumentRoot/wp-settings.php(479): include()
#1 /home/fphuoca1/note9.sharenows.com/wp-config.php(97): require_once('/home/fphuoca1/...')
#2 /home/fphuoca1/note9.sharenows.com/DocumentRoot/wp-load.php(42): require_once('/home/fphuoca1/...')
#3 /home/fphuoca1/note9.sharenows.com/DocumentRoot/wp-admin/admin-ajax.php(22): require_once('/home/fphuoca1/...')
#4 {main}
  thrown in /home/fphuoca1/note9.sharenows.com/DocumentRoot/wp-content/themes/understrap-child/functions.php on line 66

2019-03-29T02:55:33+00:00 CRITICAL Uncaught Error: Call to undefined function function_exits() in /home/fphuoca1/note9.sharenows.com/DocumentRoot/wp-content/themes/understrap-child/functions.php:66
Stack trace:
#0 /home/fphuoca1/note9.sharenows.com/DocumentRoot/wp-settings.php(479): include()
#1 /home/fphuoca1/note9.sharenows.com/wp-config.php(97): require_once('/home/fphuoca1/...')
#2 /home/fphuoca1/note9.sharenows.com/DocumentRoot/wp-load.php(42): require_once('/home/fphuoca1/...')
#3 /home/fphuoca1/note9.sharenows.com/DocumentRoot/wp-admin/admin-ajax.php(22): require_once('/home/fphuoca1/...')
#4 {main}
  thrown in /home/fphuoca1/note9.sharenows.com/DocumentRoot/wp-content/themes/understrap-child/functions.php on line 66

2019-03-29T02:57:34+00:00 CRITICAL Uncaught Error: Call to undefined function function_exits() in /home/fphuoca1/note9.sharenows.com/DocumentRoot/wp-content/themes/understrap-child/functions.php:66
Stack trace:
#0 /home/fphuoca1/note9.sharenows.com/DocumentRoot/wp-settings.php(479): include()
#1 /home/fphuoca1/note9.sharenows.com/wp-config.php(97): require_once('/home/fphuoca1/...')
#2 /home/fphuoca1/note9.sharenows.com/DocumentRoot/wp-load.php(42): require_once('/home/fphuoca1/...')
#3 /home/fphuoca1/note9.sharenows.com/DocumentRoot/wp-admin/admin-ajax.php(22): require_once('/home/fphuoca1/...')
#4 {main}
  thrown in /home/fphuoca1/note9.sharenows.com/DocumentRoot/wp-content/themes/understrap-child/functions.php on line 66

2019-03-29T02:59:33+00:00 CRITICAL Uncaught Error: Call to undefined function function_exits() in /home/fphuoca1/note9.sharenows.com/DocumentRoot/wp-content/themes/understrap-child/functions.php:66
Stack trace:
#0 /home/fphuoca1/note9.sharenows.com/DocumentRoot/wp-settings.php(479): include()
#1 /home/fphuoca1/note9.sharenows.com/wp-config.php(97): require_once('/home/fphuoca1/...')
#2 /home/fphuoca1/note9.sharenows.com/DocumentRoot/wp-load.php(42): require_once('/home/fphuoca1/...')
#3 /home/fphuoca1/note9.sharenows.com/DocumentRoot/wp-admin/admin-ajax.php(22): require_once('/home/fphuoca1/...')
#4 {main}
  thrown in /home/fphuoca1/note9.sharenows.com/DocumentRoot/wp-content/themes/understrap-child/functions.php on line 66

2019-03-29T03:01:03+00:00 CRITICAL Uncaught Error: Call to undefined function function_exits() in /home/fphuoca1/note9.sharenows.com/DocumentRoot/wp-content/themes/understrap-child/functions.php:66
Stack trace:
#0 /home/fphuoca1/note9.sharenows.com/DocumentRoot/wp-settings.php(479): include()
#1 /home/fphuoca1/note9.sharenows.com/wp-config.php(97): require_once('/home/fphuoca1/...')
#2 /home/fphuoca1/note9.sharenows.com/DocumentRoot/wp-load.php(42): require_once('/home/fphuoca1/...')
#3 /home/fphuoca1/note9.sharenows.com/DocumentRoot/wp-blog-header.php(13): require_once('/home/fphuoca1/...')
#4 /home/fphuoca1/note9.sharenows.com/DocumentRoot/index.php(17): require('/home/fphuoca1/...')
#5 {main}
  thrown in /home/fphuoca1/note9.sharenows.com/DocumentRoot/wp-content/themes/understrap-child/functions.php on line 66

2019-03-29T03:01:06+00:00 CRITICAL Uncaught Error: Call to undefined function function_exits() in /home/fphuoca1/note9.sharenows.com/DocumentRoot/wp-content/themes/understrap-child/functions.php:66
Stack trace:
#0 /home/fphuoca1/note9.sharenows.com/DocumentRoot/wp-settings.php(479): include()
#1 /home/fphuoca1/note9.sharenows.com/wp-config.php(97): require_once('/home/fphuoca1/...')
#2 /home/fphuoca1/note9.sharenows.com/DocumentRoot/wp-load.php(42): require_once('/home/fphuoca1/...')
#3 /home/fphuoca1/note9.sharenows.com/DocumentRoot/wp-blog-header.php(13): require_once('/home/fphuoca1/...')
#4 /home/fphuoca1/note9.sharenows.com/DocumentRoot/index.php(17): require('/home/fphuoca1/...')
#5 {main}
  thrown in /home/fphuoca1/note9.sharenows.com/DocumentRoot/wp-content/themes/understrap-child/functions.php on line 66

2019-03-29T03:01:33+00:00 CRITICAL Uncaught Error: Call to undefined function function_exits() in /home/fphuoca1/note9.sharenows.com/DocumentRoot/wp-content/themes/understrap-child/functions.php:66
Stack trace:
#0 /home/fphuoca1/note9.sharenows.com/DocumentRoot/wp-settings.php(479): include()
#1 /home/fphuoca1/note9.sharenows.com/wp-config.php(97): require_once('/home/fphuoca1/...')
#2 /home/fphuoca1/note9.sharenows.com/DocumentRoot/wp-load.php(42): require_once('/home/fphuoca1/...')
#3 /home/fphuoca1/note9.sharenows.com/DocumentRoot/wp-blog-header.php(13): require_once('/home/fphuoca1/...')
#4 /home/fphuoca1/note9.sharenows.com/DocumentRoot/index.php(17): require('/home/fphuoca1/...')
#5 {main}
  thrown in /home/fphuoca1/note9.sharenows.com/DocumentRoot/wp-content/themes/understrap-child/functions.php on line 66

2019-03-29T03:01:34+00:00 CRITICAL Uncaught Error: Call to undefined function function_exits() in /home/fphuoca1/note9.sharenows.com/DocumentRoot/wp-content/themes/understrap-child/functions.php:66
Stack trace:
#0 /home/fphuoca1/note9.sharenows.com/DocumentRoot/wp-settings.php(479): include()
#1 /home/fphuoca1/note9.sharenows.com/wp-config.php(97): require_once('/home/fphuoca1/...')
#2 /home/fphuoca1/note9.sharenows.com/DocumentRoot/wp-load.php(42): require_once('/home/fphuoca1/...')
#3 /home/fphuoca1/note9.sharenows.com/DocumentRoot/wp-admin/admin-ajax.php(22): require_once('/home/fphuoca1/...')
#4 {main}
  thrown in /home/fphuoca1/note9.sharenows.com/DocumentRoot/wp-content/themes/understrap-child/functions.php on line 66

